<?xml version="1.0" encoding="UTF-8"?>
<!-- Generated by org.testng.reporters.JUnitReportReporter -->
<testsuite skipped="0" hostname="KAJAL" name="practice.AppiumFramework.testCase1" tests="1" failures="0" timestamp="2021-03-23T14:30:24 IST" time="31.326" errors="0">
  <testcase name="totalValidation" time="31.326" classname="practice.AppiumFramework.testCase1"/>
  <system-out/>
</testsuite> <!-- practice.AppiumFramework.testCase1 -->
